Building DAG of jobs...
Using shell: /usr/bin/bash
Provided cores: 2
Rules claiming more threads will be scaled down.
Job stats:
job            count
-----------  -------
create_dirs        1
total              1

Select jobs to execute...

[Sun Jul 13 05:15:48 2025]
rule create_dirs:
    output: results/snakemake/.dirs_created
    jobid: 0
    reason: Missing output files: results/snakemake/.dirs_created
    resources: tmpdir=/tmp

[Sun Jul 13 05:15:48 2025]
Finished job 0.
1 of 1 steps (100%) done
Complete log: .snakemake/log/2025-07-13T051547.541720.snakemake.log
