Building DAG of jobs...
Using shell: /usr/bin/bash
Provided cores: 2
Rules claiming more threads will be scaled down.
Job stats:
job          count
---------  -------
all              1
upload_s3        1
total            2

Select jobs to execute...

[Sun Jul 13 06:42:10 2025]
rule upload_s3:
    input: results/raw/SRR1972739/SRR1972739.sra, results/raw/SRR1972739.fastq
    output: results/snakemake/.s3_upload_done
    jobid: 5
    reason: Missing output files: results/snakemake/.s3_upload_done
    resources: tmpdir=/tmp

[Sun Jul 13 06:42:13 2025]
Finished job 5.
1 of 2 steps (50%) done
Select jobs to execute...

[Sun Jul 13 06:42:13 2025]
localrule all:
    input: results/snakemake/.dirs_created, results/raw/reference.fasta, results/raw/SRR1972739/SRR1972739.sra, results/raw/SRR1972739.fastq, results/snakemake/.s3_upload_done
    jobid: 0
    reason: Input files updated by another job: results/snakemake/.s3_upload_done
    resources: tmpdir=/tmp

[Sun Jul 13 06:42:13 2025]
Finished job 0.
2 of 2 steps (100%) done
Complete log: .snakemake/log/2025-07-13T064210.012756.snakemake.log
